TN:
SF:/mnt/c/users/user/documents/coding/chainstack-developer-hub-content/coding-articles/tobetek-article-game-of-battleship/code/contracts/Battleship.sol
FN:62,constructor
FN:76,joinGame
FN:99,takeAShot
FN:112,reportHits
FN:137,isHit
FN:157,destroyPlayerShip
FN:172,isTurnOver
FN:182,hasReportedShots
FN:193,endTurn
FN:216,isGameStarted
FN:226,getWinner
FNF:11
FNH:11
FNDA:22,constructor
FNDA:20,joinGame
FNDA:70,takeAShot
FNDA:65,reportHits
FNDA:124,isHit
FNDA:48,destroyPlayerShip
FNDA:99,isTurnOver
FNDA:33,hasReportedShots
FNDA:32,endTurn
FNDA:137,isGameStarted
FNDA:3,getWinner
DA:63,22
DA:67,21
DA:68,42
DA:69,42
DA:70,42
DA:71,42
DA:73,21
DA:77,20
DA:78,19
DA:79,18
DA:83,17
DA:88,14
DA:89,132
DA:90,132
DA:94,131
DA:96,13
DA:100,70
DA:101,69
DA:102,68
DA:103,68
DA:108,67
DA:109,67
DA:113,65
DA:114,64
DA:115,63
DA:116,62
DA:121,62
DA:122,124
DA:123,124
DA:124,124
DA:125,48
DA:127,124
DA:134,62
DA:140,124
DA:141,124
DA:145,124
DA:146,124
DA:147,124
DA:153,124
DA:161,48
DA:164,48
DA:165,4
DA:166,4
DA:167,4
DA:173,99
DA:174,194
DA:175,194
DA:176,6
DA:179,93
DA:183,33
DA:184,63
DA:185,63
DA:186,3
DA:189,30
DA:194,32
DA:198,30
DA:203,30
DA:204,3
DA:207,30
DA:208,60
DA:209,60
DA:210,60
DA:211,60
DA:213,30
DA:217,137
DA:218,271
DA:219,271
DA:220,3
DA:223,134
DA:227,3
DA:228,2
DA:229,4
DA:230,4
DA:231,1
DA:235,1
LF:75
LH:75
BRDA:63,1,0,21
BRDA:63,1,1,1
BRDA:77,2,0,19
BRDA:77,2,1,1
BRDA:78,3,0,18
BRDA:78,3,1,1
BRDA:79,4,0,17
BRDA:79,4,1,1
BRDA:83,5,0,14
BRDA:83,5,1,3
BRDA:90,6,0,131
BRDA:90,6,1,1
BRDA:100,7,0,69
BRDA:100,7,1,1
BRDA:101,8,0,68
BRDA:101,8,1,1
BRDA:102,9,0,68
BRDA:102,9,1,0
BRDA:103,10,0,67
BRDA:103,10,1,1
BRDA:113,11,0,64
BRDA:113,11,1,1
BRDA:114,12,0,63
BRDA:114,12,1,1
BRDA:115,13,0,62
BRDA:115,13,1,1
BRDA:116,14,0,62
BRDA:116,14,1,0
BRDA:124,15,0,48
BRDA:124,15,1,76
BRDA:147,16,0,124
BRDA:147,16,1,0
BRDA:164,17,0,4
BRDA:164,17,1,44
BRDA:175,18,0,6
BRDA:175,18,1,188
BRDA:185,19,0,3
BRDA:185,19,1,60
BRDA:194,20,0,30
BRDA:194,20,1,2
BRDA:198,21,0,30
BRDA:198,21,1,0
BRDA:203,22,0,3
BRDA:203,22,1,27
BRDA:219,23,0,3
BRDA:219,23,1,268
BRDA:227,24,0,2
BRDA:227,24,1,1
BRDA:230,25,0,1
BRDA:230,25,1,3
BRF:50
BRH:46
end_of_record
TN:
SF:/mnt/c/users/user/documents/coding/chainstack-developer-hub-content/coding-articles/tobetek-article-game-of-battleship/code/contracts/Verify.sol
FN:5,RecoverSigner
FN:26,SplitSignature
FNF:2
FNH:2
FNDA:126,RecoverSigner
FNDA:125,SplitSignature
DA:11,126
DA:12,126
DA:20,126
DA:23,126
DA:29,125
DA:31,125
DA:40,125
LF:7
LH:7
BRDA:29,1,0,125
BRDA:29,1,1,0
BRF:2
BRH:1
end_of_record
