{"contracts/Battleship.sol":{"l":{"63":22,"67":21,"68":42,"69":42,"70":42,"71":42,"73":21,"77":20,"78":19,"79":18,"83":17,"88":14,"89":132,"90":132,"94":131,"96":13,"100":70,"101":69,"102":68,"103":68,"108":67,"109":67,"113":65,"114":64,"115":63,"116":62,"121":62,"122":124,"123":124,"124":124,"125":48,"127":124,"134":62,"140":124,"141":124,"145":124,"146":124,"147":124,"153":124,"161":48,"164":48,"165":4,"166":4,"167":4,"173":99,"174":194,"175":194,"176":6,"179":93,"183":33,"184":63,"185":63,"186":3,"189":30,"194":32,"198":30,"203":30,"204":3,"207":30,"208":60,"209":60,"210":60,"211":60,"213":30,"217":137,"218":271,"219":271,"220":3,"223":134,"227":3,"228":2,"229":4,"230":4,"231":1,"235":1},"path":"/mnt/c/users/user/documents/coding/chainstack-developer-hub-content/coding-articles/tobetek-article-game-of-battleship/code/contracts/Battleship.sol","s":{"1":22,"2":21,"3":42,"4":42,"5":42,"6":20,"7":19,"8":18,"9":17,"10":14,"11":132,"12":132,"13":70,"14":69,"15":68,"16":68,"17":65,"18":64,"19":63,"20":62,"21":62,"22":124,"23":124,"24":124,"25":48,"26":124,"27":124,"28":124,"29":124,"30":124,"31":124,"32":124,"33":48,"34":48,"35":4,"36":99,"37":194,"38":194,"39":6,"40":93,"41":33,"42":63,"43":63,"44":3,"45":30,"46":32,"47":30,"48":30,"49":30,"50":60,"51":30,"52":137,"53":271,"54":271,"55":3,"56":134,"57":3,"58":2,"59":4,"60":4,"61":1,"62":1},"b":{"1":[21,1],"2":[19,1],"3":[18,1],"4":[17,1],"5":[14,3],"6":[131,1],"7":[69,1],"8":[68,1],"9":[68,0],"10":[67,1],"11":[64,1],"12":[63,1],"13":[62,1],"14":[62,0],"15":[48,76],"16":[124,0],"17":[4,44],"18":[6,188],"19":[3,60],"20":[30,2],"21":[30,0],"22":[3,27],"23":[3,268],"24":[2,1],"25":[1,3]},"f":{"1":22,"2":20,"3":70,"4":65,"5":124,"6":48,"7":99,"8":33,"9":32,"10":137,"11":3},"fnMap":{"1":{"name":"constructor","line":62,"loc":{"start":{"line":62,"column":4},"end":{"line":74,"column":4}}},"2":{"name":"joinGame","line":76,"loc":{"start":{"line":76,"column":4},"end":{"line":97,"column":4}}},"3":{"name":"takeAShot","line":99,"loc":{"start":{"line":99,"column":4},"end":{"line":110,"column":4}}},"4":{"name":"reportHits","line":112,"loc":{"start":{"line":112,"column":4},"end":{"line":135,"column":4}}},"5":{"name":"isHit","line":137,"loc":{"start":{"line":137,"column":4},"end":{"line":154,"column":4}}},"6":{"name":"destroyPlayerShip","line":157,"loc":{"start":{"line":157,"column":4},"end":{"line":169,"column":4}}},"7":{"name":"isTurnOver","line":172,"loc":{"start":{"line":172,"column":4},"end":{"line":180,"column":4}}},"8":{"name":"hasReportedShots","line":182,"loc":{"start":{"line":182,"column":4},"end":{"line":190,"column":4}}},"9":{"name":"endTurn","line":193,"loc":{"start":{"line":193,"column":4},"end":{"line":214,"column":4}}},"10":{"name":"isGameStarted","line":216,"loc":{"start":{"line":216,"column":4},"end":{"line":224,"column":4}}},"11":{"name":"getWinner","line":226,"loc":{"start":{"line":226,"column":4},"end":{"line":236,"column":4}}}},"statementMap":{"1":{"start":{"line":63,"column":8},"end":{"line":63,"column":1841}},"2":{"start":{"line":67,"column":8},"end":{"line":67,"column":1999}},"3":{"start":{"line":68,"column":12},"end":{"line":68,"column":54}},"4":{"start":{"line":70,"column":12},"end":{"line":70,"column":45}},"5":{"start":{"line":71,"column":12},"end":{"line":71,"column":51}},"6":{"start":{"line":77,"column":8},"end":{"line":77,"column":43}},"7":{"start":{"line":78,"column":8},"end":{"line":78,"column":73}},"8":{"start":{"line":79,"column":8},"end":{"line":79,"column":2507}},"9":{"start":{"line":83,"column":8},"end":{"line":83,"column":2660}},"10":{"start":{"line":88,"column":8},"end":{"line":88,"column":2787}},"11":{"start":{"line":89,"column":12},"end":{"line":89,"column":51}},"12":{"start":{"line":90,"column":12},"end":{"line":90,"column":2907}},"13":{"start":{"line":100,"column":8},"end":{"line":100,"column":54}},"14":{"start":{"line":101,"column":8},"end":{"line":101,"column":43}},"15":{"start":{"line":102,"column":8},"end":{"line":102,"column":78}},"16":{"start":{"line":103,"column":8},"end":{"line":103,"column":3413}},"17":{"start":{"line":113,"column":8},"end":{"line":113,"column":54}},"18":{"start":{"line":114,"column":8},"end":{"line":114,"column":43}},"19":{"start":{"line":115,"column":8},"end":{"line":115,"column":74}},"20":{"start":{"line":116,"column":8},"end":{"line":116,"column":3894}},"21":{"start":{"line":121,"column":8},"end":{"line":121,"column":4051}},"22":{"start":{"line":122,"column":12},"end":{"line":122,"column":63}},"23":{"start":{"line":123,"column":12},"end":{"line":123,"column":69}},"24":{"start":{"line":124,"column":12},"end":{"line":124,"column":4258}},"25":{"start":{"line":125,"column":16},"end":{"line":125,"column":51}},"26":{"start":{"line":127,"column":12},"end":{"line":127,"column":4357}},"27":{"start":{"line":140,"column":8},"end":{"line":140,"column":69}},"28":{"start":{"line":141,"column":8},"end":{"line":141,"column":4799}},"29":{"start":{"line":145,"column":8},"end":{"line":145,"column":77}},"30":{"start":{"line":146,"column":8},"end":{"line":146,"column":64}},"31":{"start":{"line":147,"column":8},"end":{"line":147,"column":5065}},"32":{"start":{"line":153,"column":8},"end":{"line":153,"column":76}},"33":{"start":{"line":161,"column":8},"end":{"line":161,"column":43}},"34":{"start":{"line":164,"column":8},"end":{"line":164,"column":5561}},"35":{"start":{"line":167,"column":12},"end":{"line":167,"column":36}},"36":{"start":{"line":173,"column":8},"end":{"line":173,"column":5884}},"37":{"start":{"line":174,"column":12},"end":{"line":174,"column":54}},"38":{"start":{"line":175,"column":12},"end":{"line":175,"column":6009}},"39":{"start":{"line":176,"column":16},"end":{"line":176,"column":28}},"40":{"start":{"line":179,"column":8},"end":{"line":179,"column":19}},"41":{"start":{"line":183,"column":8},"end":{"line":183,"column":6204}},"42":{"start":{"line":184,"column":12},"end":{"line":184,"column":54}},"43":{"start":{"line":185,"column":12},"end":{"line":185,"column":6329}},"44":{"start":{"line":186,"column":16},"end":{"line":186,"column":28}},"45":{"start":{"line":189,"column":8},"end":{"line":189,"column":19}},"46":{"start":{"line":194,"column":8},"end":{"line":194,"column":6569}},"47":{"start":{"line":198,"column":8},"end":{"line":198,"column":73}},"48":{"start":{"line":203,"column":8},"end":{"line":203,"column":6933}},"49":{"start":{"line":207,"column":8},"end":{"line":207,"column":7039}},"50":{"start":{"line":208,"column":12},"end":{"line":208,"column":54}},"51":{"start":{"line":213,"column":8},"end":{"line":213,"column":19}},"52":{"start":{"line":217,"column":8},"end":{"line":217,"column":7440}},"53":{"start":{"line":218,"column":12},"end":{"line":218,"column":54}},"54":{"start":{"line":219,"column":12},"end":{"line":219,"column":7565}},"55":{"start":{"line":220,"column":16},"end":{"line":220,"column":28}},"56":{"start":{"line":223,"column":8},"end":{"line":223,"column":19}},"57":{"start":{"line":227,"column":8},"end":{"line":227,"column":53}},"58":{"start":{"line":228,"column":8},"end":{"line":228,"column":7825}},"59":{"start":{"line":229,"column":12},"end":{"line":229,"column":54}},"60":{"start":{"line":230,"column":12},"end":{"line":230,"column":7950}},"61":{"start":{"line":231,"column":16},"end":{"line":231,"column":37}},"62":{"start":{"line":235,"column":8},"end":{"line":235,"column":25}}},"branchMap":{"1":{"line":63,"type":"if","locations":[{"start":{"line":63,"column":8},"end":{"line":63,"column":8}},{"start":{"line":63,"column":8},"end":{"line":63,"column":8}}]},"2":{"line":77,"type":"if","locations":[{"start":{"line":77,"column":8},"end":{"line":77,"column":8}},{"start":{"line":77,"column":8},"end":{"line":77,"column":8}}]},"3":{"line":78,"type":"if","locations":[{"start":{"line":78,"column":8},"end":{"line":78,"column":8}},{"start":{"line":78,"column":8},"end":{"line":78,"column":8}}]},"4":{"line":79,"type":"if","locations":[{"start":{"line":79,"column":8},"end":{"line":79,"column":8}},{"start":{"line":79,"column":8},"end":{"line":79,"column":8}}]},"5":{"line":83,"type":"if","locations":[{"start":{"line":83,"column":8},"end":{"line":83,"column":8}},{"start":{"line":83,"column":8},"end":{"line":83,"column":8}}]},"6":{"line":90,"type":"if","locations":[{"start":{"line":90,"column":12},"end":{"line":90,"column":12}},{"start":{"line":90,"column":12},"end":{"line":90,"column":12}}]},"7":{"line":100,"type":"if","locations":[{"start":{"line":100,"column":8},"end":{"line":100,"column":8}},{"start":{"line":100,"column":8},"end":{"line":100,"column":8}}]},"8":{"line":101,"type":"if","locations":[{"start":{"line":101,"column":8},"end":{"line":101,"column":8}},{"start":{"line":101,"column":8},"end":{"line":101,"column":8}}]},"9":{"line":102,"type":"if","locations":[{"start":{"line":102,"column":8},"end":{"line":102,"column":8}},{"start":{"line":102,"column":8},"end":{"line":102,"column":8}}]},"10":{"line":103,"type":"if","locations":[{"start":{"line":103,"column":8},"end":{"line":103,"column":8}},{"start":{"line":103,"column":8},"end":{"line":103,"column":8}}]},"11":{"line":113,"type":"if","locations":[{"start":{"line":113,"column":8},"end":{"line":113,"column":8}},{"start":{"line":113,"column":8},"end":{"line":113,"column":8}}]},"12":{"line":114,"type":"if","locations":[{"start":{"line":114,"column":8},"end":{"line":114,"column":8}},{"start":{"line":114,"column":8},"end":{"line":114,"column":8}}]},"13":{"line":115,"type":"if","locations":[{"start":{"line":115,"column":8},"end":{"line":115,"column":8}},{"start":{"line":115,"column":8},"end":{"line":115,"column":8}}]},"14":{"line":116,"type":"if","locations":[{"start":{"line":116,"column":8},"end":{"line":116,"column":8}},{"start":{"line":116,"column":8},"end":{"line":116,"column":8}}]},"15":{"line":124,"type":"if","locations":[{"start":{"line":124,"column":12},"end":{"line":124,"column":12}},{"start":{"line":124,"column":12},"end":{"line":124,"column":12}}]},"16":{"line":147,"type":"if","locations":[{"start":{"line":147,"column":8},"end":{"line":147,"column":8}},{"start":{"line":147,"column":8},"end":{"line":147,"column":8}}]},"17":{"line":164,"type":"if","locations":[{"start":{"line":164,"column":8},"end":{"line":164,"column":8}},{"start":{"line":164,"column":8},"end":{"line":164,"column":8}}]},"18":{"line":175,"type":"if","locations":[{"start":{"line":175,"column":12},"end":{"line":175,"column":12}},{"start":{"line":175,"column":12},"end":{"line":175,"column":12}}]},"19":{"line":185,"type":"if","locations":[{"start":{"line":185,"column":12},"end":{"line":185,"column":12}},{"start":{"line":185,"column":12},"end":{"line":185,"column":12}}]},"20":{"line":194,"type":"if","locations":[{"start":{"line":194,"column":8},"end":{"line":194,"column":8}},{"start":{"line":194,"column":8},"end":{"line":194,"column":8}}]},"21":{"line":198,"type":"if","locations":[{"start":{"line":198,"column":8},"end":{"line":198,"column":8}},{"start":{"line":198,"column":8},"end":{"line":198,"column":8}}]},"22":{"line":203,"type":"if","locations":[{"start":{"line":203,"column":8},"end":{"line":203,"column":8}},{"start":{"line":203,"column":8},"end":{"line":203,"column":8}}]},"23":{"line":219,"type":"if","locations":[{"start":{"line":219,"column":12},"end":{"line":219,"column":12}},{"start":{"line":219,"column":12},"end":{"line":219,"column":12}}]},"24":{"line":227,"type":"if","locations":[{"start":{"line":227,"column":8},"end":{"line":227,"column":8}},{"start":{"line":227,"column":8},"end":{"line":227,"column":8}}]},"25":{"line":230,"type":"if","locations":[{"start":{"line":230,"column":12},"end":{"line":230,"column":12}},{"start":{"line":230,"column":12},"end":{"line":230,"column":12}}]}}},"contracts/Verify.sol":{"l":{"11":126,"12":126,"20":126,"23":126,"29":125,"31":125,"40":125},"path":"/mnt/c/users/user/documents/coding/chainstack-developer-hub-content/coding-articles/tobetek-article-game-of-battleship/code/contracts/Verify.sol","s":{"1":126,"2":126,"3":126,"4":126,"5":125,"6":125},"b":{"1":[125,0]},"f":{"1":126,"2":125},"fnMap":{"1":{"name":"RecoverSigner","line":5,"loc":{"start":{"line":5,"column":4},"end":{"line":24,"column":4}}},"2":{"name":"SplitSignature","line":26,"loc":{"start":{"line":26,"column":4},"end":{"line":41,"column":4}}}},"statementMap":{"1":{"start":{"line":11,"column":8},"end":{"line":11,"column":64}},"2":{"start":{"line":12,"column":8},"end":{"line":12,"column":343}},"3":{"start":{"line":20,"column":8},"end":{"line":20,"column":67}},"4":{"start":{"line":23,"column":8},"end":{"line":23,"column":21}},"5":{"start":{"line":29,"column":8},"end":{"line":29,"column":53}},"6":{"start":{"line":40,"column":8},"end":{"line":40,"column":24}}},"branchMap":{"1":{"line":29,"type":"if","locations":[{"start":{"line":29,"column":8},"end":{"line":29,"column":8}},{"start":{"line":29,"column":8},"end":{"line":29,"column":8}}]}}}}